*** Using Compiler 'V5.06 update 7 (build 960)', folder: 'C:\Keil_v5\ARM\ARMCC\Bin'
Build target 'new'
assembling startup_stm32f405xx.s...
compiling Revolver.c...
user\Revolver.c(45): warning:  #223-D: function "abs" declared implicitly
  		if ( abs(dial_inner_pid.out)  >= Stuck_Revol_PIDTerm //PID输出过大
user\Revolver.c: 1 warning, 0 errors
compiling Report.c...
compiling dma.c...
compiling referee.c...
user\referee.c(549): warning:  #1-D: last line of file ends without a newline
  }
user\referee.c: 1 warning, 0 errors
compiling crc.c...
compiling tim.c...
compiling can.c...
compiling chassis_mode.c...
user\chassis_mode.c(139): warning:  #1-D: last line of file ends without a newline
  }
user\chassis_mode.c: 1 warning, 0 errors
compiling task.c...
compiling gpio.c...
compiling rc.c...
compiling detect_task.c...
compiling pid.c...
compiling freertos.c...
compiling main.c...
compiling stm32f4xx_hal_flash.c...
compiling stm32f4xx_hal_flash_ex.c...
compiling stm32f4xx_it.c...
compiling stm32f4xx_hal_gpio.c...
compiling stm32f4xx_hal_flash_ramfunc.c...
compiling stm32f4xx_hal_pwr.c...
compiling stm32f4xx_hal_pwr_ex.c...
compiling stm32f4xx_hal_dma.c...
compiling stm32f4xx_hal_can.c...
compiling stm32f4xx_hal_dma_ex.c...
compiling usart.c...
compiling stm32f4xx_hal_msp.c...
compiling stm32f4xx_hal_timebase_tim.c...
compiling stm32f4xx_hal_rcc_ex.c...
compiling stm32f4xx_hal_rcc.c...
compiling system_stm32f4xx.c...
compiling stm32f4xx_hal_exti.c...
compiling stm32f4xx_hal_cortex.c...
compiling stm32f4xx_hal.c...
compiling stm32f4xx_hal_uart.c...
compiling stm32f4xx_hal_tim_ex.c...
compiling stm32f4xx_hal_tim.c...
linking...
Program Size: Code=27444 RO-data=1516 RW-data=580 ZI-data=23892  
FromELF: creating hex file...
"new\new.axf" - 0 Error(s), 3 Warning(s).
Build Time Elapsed:  00:00:17
